  Camera.cpp
C:\GitHub\LullabyEngine\LullabyCore\Source\stdafx.h(13,1): fatal  error C1083: No se puede abrir el archivo incluir: 'vulkan/vulkan.hpp': No such file or directory
  CameraProjection.cpp
C:\GitHub\LullabyEngine\LullabyCore\Source\stdafx.h(13,1): fatal  error C1083: No se puede abrir el archivo incluir: 'vulkan/vulkan.hpp': No such file or directory
  Mesh.cpp
C:\GitHub\LullabyEngine\LullabyCore\Source\stdafx.h(13,1): fatal  error C1083: No se puede abrir el archivo incluir: 'vulkan/vulkan.hpp': No such file or directory
  DeletionQueue.cpp
C:\GitHub\LullabyEngine\LullabyCore\Source\stdafx.h(13,1): fatal  error C1083: No se puede abrir el archivo incluir: 'vulkan/vulkan.hpp': No such file or directory
  Renderer.cpp
C:\GitHub\LullabyEngine\LullabyCore\Source\stdafx.h(13,1): fatal  error C1083: No se puede abrir el archivo incluir: 'vulkan/vulkan.hpp': No such file or directory
  PipelineBuilder.cpp
C:\GitHub\LullabyEngine\LullabyCore\Source\stdafx.h(13,1): fatal  error C1083: No se puede abrir el archivo incluir: 'vulkan/vulkan.hpp': No such file or directory
  VKInitializers.cpp
C:\GitHub\LullabyEngine\LullabyCore\Source\stdafx.h(13,1): fatal  error C1083: No se puede abrir el archivo incluir: 'vulkan/vulkan.hpp': No such file or directory
  Window.cpp
C:\GitHub\LullabyEngine\LullabyCore\Source\stdafx.h(13,1): fatal  error C1083: No se puede abrir el archivo incluir: 'vulkan/vulkan.hpp': No such file or directory
  AABB.cpp
C:\GitHub\LullabyEngine\LullabyCore\Source\stdafx.h(13,1): fatal  error C1083: No se puede abrir el archivo incluir: 'vulkan/vulkan.hpp': No such file or directory
  main.cpp
C:\GitHub\LullabyEngine\LullabyCore\Source\stdafx.h(13,1): fatal  error C1083: No se puede abrir el archivo incluir: 'vulkan/vulkan.hpp': No such file or directory
  stdafx.cpp
C:\GitHub\LullabyEngine\LullabyCore\Source\stdafx.h(13,1): fatal  error C1083: No se puede abrir el archivo incluir: 'vulkan/vulkan.hpp': No such file or directory
  Generando código...
